<?xml version="1.0" encoding="UTF-8" ?>
<testsuite tests="10" failures="0" name="locus.auth.service.AccountServiceImplTest" time="0.007" errors="0" skipped="0">
  <properties>
    <property name="java.runtime.name" value="OpenJDK Runtime Environment"/>
    <property name="java.vm.version" value="11.0.2+9"/>
    <property name="sun.boot.library.path" value="/Users/ssanjayahire/jdk-11.0.2.jdk/Contents/Home/lib"/>
    <property name="gopherProxySet" value="false"/>
    <property name="maven.multiModuleProjectDirectory" value="/Users/ssanjayahire/garrage/authservice"/>
    <property name="java.vm.vendor" value="Oracle Corporation"/>
    <property name="java.vendor.url" value="http://java.oracle.com/"/>
    <property name="guice.disable.misplaced.annotation.check" value="true"/>
    <property name="path.separator" value=":"/>
    <property name="java.vm.name" value="OpenJDK 64-Bit Server VM"/>
    <property name="sun.os.patch.level" value="unknown"/>
    <property name="user.country" value="US"/>
    <property name="sun.java.launcher" value="SUN_STANDARD"/>
    <property name="java.vm.specification.name" value="Java Virtual Machine Specification"/>
    <property name="user.dir" value="/Users/ssanjayahire/garrage/authservice"/>
    <property name="java.vm.compressedOopsMode" value="Zero based"/>
    <property name="java.runtime.version" value="11.0.2+9"/>
    <property name="java.awt.graphicsenv" value="sun.awt.CGraphicsEnvironment"/>
    <property name="os.arch" value="x86_64"/>
    <property name="java.io.tmpdir" value="/var/folders/_8/kd0dcq410b725306gc2hhrxd929m1n/T/"/>
    <property name="line.separator" value="
"/>
    <property name="java.vm.specification.vendor" value="Oracle Corporation"/>
    <property name="os.name" value="Mac OS X"/>
    <property name="classworlds.conf" value="/opt/apache-maven/bin/m2.conf"/>
    <property name="sun.jnu.encoding" value="UTF-8"/>
    <property name="java.library.path" value="/Users/ssanjayahire/Library/Java/Extensions:/Library/Java/Extensions:/Network/Library/Java/Extensions:/System/Library/Java/Extensions:/usr/lib/java:."/>
    <property name="maven.conf" value="/opt/apache-maven/conf"/>
    <property name="jdk.debug" value="release"/>
    <property name="java.class.version" value="55.0"/>
    <property name="java.specification.name" value="Java Platform API Specification"/>
    <property name="sun.management.compiler" value="HotSpot 64-Bit Tiered Compilers"/>
    <property name="os.version" value="10.13.3"/>
    <property name="library.jansi.path" value="/opt/apache-maven/lib/jansi-native"/>
    <property name="user.home" value="/Users/ssanjayahire"/>
    <property name="user.timezone" value="Asia/Kolkata"/>
    <property name="java.awt.printerjob" value="sun.lwawt.macosx.CPrinterJob"/>
    <property name="file.encoding" value="UTF-8"/>
    <property name="java.specification.version" value="11"/>
    <property name="user.name" value="ssanjayahire"/>
    <property name="java.class.path" value="/opt/apache-maven/boot/plexus-classworlds-2.5.2.jar"/>
    <property name="java.vm.specification.version" value="11"/>
    <property name="sun.arch.data.model" value="64"/>
    <property name="sun.java.command" value="org.codehaus.plexus.classworlds.launcher.Launcher clean install"/>
    <property name="java.home" value="/Users/ssanjayahire/jdk-11.0.2.jdk/Contents/Home"/>
    <property name="user.language" value="en"/>
    <property name="java.specification.vendor" value="Oracle Corporation"/>
    <property name="awt.toolkit" value="sun.lwawt.macosx.LWCToolkit"/>
    <property name="java.vm.info" value="mixed mode"/>
    <property name="java.version" value="11.0.2"/>
    <property name="java.vendor" value="Oracle Corporation"/>
    <property name="maven.home" value="/opt/apache-maven"/>
    <property name="file.separator" value="/"/>
    <property name="java.version.date" value="2019-01-15"/>
    <property name="java.vendor.url.bug" value="http://bugreport.java.com/bugreport/"/>
    <property name="sun.io.unicode.encoding" value="UnicodeBig"/>
    <property name="sun.cpu.endian" value="little"/>
    <property name="java.vendor.version" value="18.9"/>
    <property name="sun.cpu.isalist" value=""/>
  </properties>
  <testcase classname="locus.auth.service.AccountServiceImplTest" name="registerUser_ThrowsIllegalArgumentException" time="0.001"/>
  <testcase classname="locus.auth.service.AccountServiceImplTest" name="getAccountService" time="0"/>
  <testcase classname="locus.auth.service.AccountServiceImplTest" name="registerUser" time="0"/>
  <testcase classname="locus.auth.service.AccountServiceImplTest" name="deregisterUser" time="0"/>
  <testcase classname="locus.auth.service.AccountServiceImplTest" name="removeRolesFromUser" time="0.004"/>
  <testcase classname="locus.auth.service.AccountServiceImplTest" name="addRolesToUser" time="0"/>
  <testcase classname="locus.auth.service.AccountServiceImplTest" name="addRoleToUser" time="0.001"/>
  <testcase classname="locus.auth.service.AccountServiceImplTest" name="roleCannotBeAssignedIfNotRegistered" time="0"/>
  <testcase classname="locus.auth.service.AccountServiceImplTest" name="addRoleToUser_ThrowsIllegalArgumentException" time="0"/>
  <testcase classname="locus.auth.service.AccountServiceImplTest" name="getAssignedRoles" time="0.001"/>
</testsuite>